  ServerMain.cpp
c:\users\cdcd8\documents\카카오톡 받은 파일\kpu2017ngp\ngpserver\servermain.cpp(177): warning C4244: '=': 'int'에서 'float'(으)로 변환하면서 데이터가 손실될 수 있습니다.
c:\users\cdcd8\documents\카카오톡 받은 파일\kpu2017ngp\ngpserver\servermain.cpp(178): warning C4244: '=': 'int'에서 'float'(으)로 변환하면서 데이터가 손실될 수 있습니다.
c:\users\cdcd8\documents\카카오톡 받은 파일\kpu2017ngp\ngpserver\servermain.cpp(181): warning C4244: '=': 'int'에서 'float'(으)로 변환하면서 데이터가 손실될 수 있습니다.
c:\users\cdcd8\documents\카카오톡 받은 파일\kpu2017ngp\ngpserver\servermain.cpp(182): warning C4244: '=': 'int'에서 'float'(으)로 변환하면서 데이터가 손실될 수 있습니다.
c:\users\cdcd8\documents\카카오톡 받은 파일\kpu2017ngp\ngpserver\servermain.cpp(185): warning C4244: '=': 'int'에서 'float'(으)로 변환하면서 데이터가 손실될 수 있습니다.
c:\users\cdcd8\documents\카카오톡 받은 파일\kpu2017ngp\ngpserver\servermain.cpp(186): warning C4244: '=': 'int'에서 'float'(으)로 변환하면서 데이터가 손실될 수 있습니다.
c:\users\cdcd8\documents\카카오톡 받은 파일\kpu2017ngp\ngpserver\servermain.cpp(189): warning C4244: '=': 'int'에서 'float'(으)로 변환하면서 데이터가 손실될 수 있습니다.
c:\users\cdcd8\documents\카카오톡 받은 파일\kpu2017ngp\ngpserver\servermain.cpp(190): warning C4244: '=': 'int'에서 'float'(으)로 변환하면서 데이터가 손실될 수 있습니다.
c:\users\cdcd8\documents\카카오톡 받은 파일\kpu2017ngp\ngpserver\servermain.cpp(193): warning C4244: '=': 'int'에서 'float'(으)로 변환하면서 데이터가 손실될 수 있습니다.
c:\users\cdcd8\documents\카카오톡 받은 파일\kpu2017ngp\ngpserver\servermain.cpp(194): warning C4244: '=': 'int'에서 'float'(으)로 변환하면서 데이터가 손실될 수 있습니다.
c:\users\cdcd8\documents\카카오톡 받은 파일\kpu2017ngp\ngpserver\servermain.cpp(197): warning C4244: '=': 'int'에서 'float'(으)로 변환하면서 데이터가 손실될 수 있습니다.
c:\users\cdcd8\documents\카카오톡 받은 파일\kpu2017ngp\ngpserver\servermain.cpp(198): warning C4244: '=': 'int'에서 'float'(으)로 변환하면서 데이터가 손실될 수 있습니다.
c:\users\cdcd8\documents\카카오톡 받은 파일\kpu2017ngp\ngpserver\servermain.cpp(200): warning C4244: '=': 'int'에서 'float'(으)로 변환하면서 데이터가 손실될 수 있습니다.
c:\users\cdcd8\documents\카카오톡 받은 파일\kpu2017ngp\ngpserver\servermain.cpp(201): warning C4244: '=': 'int'에서 'float'(으)로 변환하면서 데이터가 손실될 수 있습니다.
c:\users\cdcd8\documents\카카오톡 받은 파일\kpu2017ngp\ngpserver\servermain.cpp(204): warning C4244: '=': 'int'에서 'float'(으)로 변환하면서 데이터가 손실될 수 있습니다.
c:\users\cdcd8\documents\카카오톡 받은 파일\kpu2017ngp\ngpserver\servermain.cpp(205): warning C4244: '=': 'int'에서 'float'(으)로 변환하면서 데이터가 손실될 수 있습니다.
c:\users\cdcd8\documents\카카오톡 받은 파일\kpu2017ngp\ngpserver\servermain.cpp(309): warning C4996: 'inet_ntoa': Use inet_ntop() or InetNtop() instead or define _WINSOCK_DEPRECATED_NO_WARNINGS to disable deprecated API warnings
  c:\program files (x86)\windows kits\10\include\10.0.14393.0\um\winsock2.h(1846): note: 'inet_ntoa' 선언을 참조하십시오.
  NGPServer.vcxproj -> C:\Users\cdcd8\Documents\카카오톡 받은 파일\KPU2017NGP\NGPServer\Debug\NGPServer.exe
  NGPServer.vcxproj -> C:\Users\cdcd8\Documents\카카오톡 받은 파일\KPU2017NGP\NGPServer\Debug\NGPServer.pdb (Partial PDB)
