  ServerMain.cpp
d:\kpu2017ngp_ver4.1 재시작(1번),시작딜레이\ngpserver\servermain.cpp(253): warning C4244: '=': 'int'에서 'float'(으)로 변환하면서 데이터가 손실될 수 있습니다.
d:\kpu2017ngp_ver4.1 재시작(1번),시작딜레이\ngpserver\servermain.cpp(254): warning C4244: '=': 'int'에서 'float'(으)로 변환하면서 데이터가 손실될 수 있습니다.
d:\kpu2017ngp_ver4.1 재시작(1번),시작딜레이\ngpserver\servermain.cpp(257): warning C4244: '=': 'int'에서 'float'(으)로 변환하면서 데이터가 손실될 수 있습니다.
d:\kpu2017ngp_ver4.1 재시작(1번),시작딜레이\ngpserver\servermain.cpp(258): warning C4244: '=': 'int'에서 'float'(으)로 변환하면서 데이터가 손실될 수 있습니다.
d:\kpu2017ngp_ver4.1 재시작(1번),시작딜레이\ngpserver\servermain.cpp(261): warning C4244: '=': 'int'에서 'float'(으)로 변환하면서 데이터가 손실될 수 있습니다.
d:\kpu2017ngp_ver4.1 재시작(1번),시작딜레이\ngpserver\servermain.cpp(262): warning C4244: '=': 'int'에서 'float'(으)로 변환하면서 데이터가 손실될 수 있습니다.
d:\kpu2017ngp_ver4.1 재시작(1번),시작딜레이\ngpserver\servermain.cpp(265): warning C4244: '=': 'int'에서 'float'(으)로 변환하면서 데이터가 손실될 수 있습니다.
d:\kpu2017ngp_ver4.1 재시작(1번),시작딜레이\ngpserver\servermain.cpp(266): warning C4244: '=': 'int'에서 'float'(으)로 변환하면서 데이터가 손실될 수 있습니다.
d:\kpu2017ngp_ver4.1 재시작(1번),시작딜레이\ngpserver\servermain.cpp(269): warning C4244: '=': 'int'에서 'float'(으)로 변환하면서 데이터가 손실될 수 있습니다.
d:\kpu2017ngp_ver4.1 재시작(1번),시작딜레이\ngpserver\servermain.cpp(270): warning C4244: '=': 'int'에서 'float'(으)로 변환하면서 데이터가 손실될 수 있습니다.
d:\kpu2017ngp_ver4.1 재시작(1번),시작딜레이\ngpserver\servermain.cpp(273): warning C4244: '=': 'int'에서 'float'(으)로 변환하면서 데이터가 손실될 수 있습니다.
d:\kpu2017ngp_ver4.1 재시작(1번),시작딜레이\ngpserver\servermain.cpp(274): warning C4244: '=': 'int'에서 'float'(으)로 변환하면서 데이터가 손실될 수 있습니다.
d:\kpu2017ngp_ver4.1 재시작(1번),시작딜레이\ngpserver\servermain.cpp(276): warning C4244: '=': 'int'에서 'float'(으)로 변환하면서 데이터가 손실될 수 있습니다.
d:\kpu2017ngp_ver4.1 재시작(1번),시작딜레이\ngpserver\servermain.cpp(277): warning C4244: '=': 'int'에서 'float'(으)로 변환하면서 데이터가 손실될 수 있습니다.
d:\kpu2017ngp_ver4.1 재시작(1번),시작딜레이\ngpserver\servermain.cpp(280): warning C4244: '=': 'int'에서 'float'(으)로 변환하면서 데이터가 손실될 수 있습니다.
d:\kpu2017ngp_ver4.1 재시작(1번),시작딜레이\ngpserver\servermain.cpp(281): warning C4244: '=': 'int'에서 'float'(으)로 변환하면서 데이터가 손실될 수 있습니다.
d:\kpu2017ngp_ver4.1 재시작(1번),시작딜레이\ngpserver\servermain.cpp(360): warning C4244: '=': 'int'에서 'float'(으)로 변환하면서 데이터가 손실될 수 있습니다.
d:\kpu2017ngp_ver4.1 재시작(1번),시작딜레이\ngpserver\servermain.cpp(361): warning C4244: '=': 'int'에서 'float'(으)로 변환하면서 데이터가 손실될 수 있습니다.
d:\kpu2017ngp_ver4.1 재시작(1번),시작딜레이\ngpserver\servermain.cpp(364): warning C4244: '=': 'int'에서 'float'(으)로 변환하면서 데이터가 손실될 수 있습니다.
d:\kpu2017ngp_ver4.1 재시작(1번),시작딜레이\ngpserver\servermain.cpp(365): warning C4244: '=': 'int'에서 'float'(으)로 변환하면서 데이터가 손실될 수 있습니다.
d:\kpu2017ngp_ver4.1 재시작(1번),시작딜레이\ngpserver\servermain.cpp(368): warning C4244: '=': 'int'에서 'float'(으)로 변환하면서 데이터가 손실될 수 있습니다.
d:\kpu2017ngp_ver4.1 재시작(1번),시작딜레이\ngpserver\servermain.cpp(369): warning C4244: '=': 'int'에서 'float'(으)로 변환하면서 데이터가 손실될 수 있습니다.
d:\kpu2017ngp_ver4.1 재시작(1번),시작딜레이\ngpserver\servermain.cpp(372): warning C4244: '=': 'int'에서 'float'(으)로 변환하면서 데이터가 손실될 수 있습니다.
d:\kpu2017ngp_ver4.1 재시작(1번),시작딜레이\ngpserver\servermain.cpp(373): warning C4244: '=': 'int'에서 'float'(으)로 변환하면서 데이터가 손실될 수 있습니다.
d:\kpu2017ngp_ver4.1 재시작(1번),시작딜레이\ngpserver\servermain.cpp(376): warning C4244: '=': 'int'에서 'float'(으)로 변환하면서 데이터가 손실될 수 있습니다.
d:\kpu2017ngp_ver4.1 재시작(1번),시작딜레이\ngpserver\servermain.cpp(377): warning C4244: '=': 'int'에서 'float'(으)로 변환하면서 데이터가 손실될 수 있습니다.
d:\kpu2017ngp_ver4.1 재시작(1번),시작딜레이\ngpserver\servermain.cpp(380): warning C4244: '=': 'int'에서 'float'(으)로 변환하면서 데이터가 손실될 수 있습니다.
d:\kpu2017ngp_ver4.1 재시작(1번),시작딜레이\ngpserver\servermain.cpp(381): warning C4244: '=': 'int'에서 'float'(으)로 변환하면서 데이터가 손실될 수 있습니다.
d:\kpu2017ngp_ver4.1 재시작(1번),시작딜레이\ngpserver\servermain.cpp(383): warning C4244: '=': 'int'에서 'float'(으)로 변환하면서 데이터가 손실될 수 있습니다.
d:\kpu2017ngp_ver4.1 재시작(1번),시작딜레이\ngpserver\servermain.cpp(384): warning C4244: '=': 'int'에서 'float'(으)로 변환하면서 데이터가 손실될 수 있습니다.
d:\kpu2017ngp_ver4.1 재시작(1번),시작딜레이\ngpserver\servermain.cpp(387): warning C4244: '=': 'int'에서 'float'(으)로 변환하면서 데이터가 손실될 수 있습니다.
d:\kpu2017ngp_ver4.1 재시작(1번),시작딜레이\ngpserver\servermain.cpp(388): warning C4244: '=': 'int'에서 'float'(으)로 변환하면서 데이터가 손실될 수 있습니다.
d:\kpu2017ngp_ver4.1 재시작(1번),시작딜레이\ngpserver\servermain.cpp(515): warning C4996: 'inet_ntoa': Use inet_ntop() or InetNtop() instead or define _WINSOCK_DEPRECATED_NO_WARNINGS to disable deprecated API warnings
  c:\program files (x86)\windows kits\10\include\10.0.14393.0\um\winsock2.h(1846): note: 'inet_ntoa' 선언을 참조하십시오.
  Player.cpp
d:\kpu2017ngp_ver4.1 재시작(1번),시작딜레이\ngpserver\player.cpp(14): warning C4244: '=': 'float'에서 'int'(으)로 변환하면서 데이터가 손실될 수 있습니다.
  Object.cpp
  코드를 생성하고 있습니다...
  NGPServer.vcxproj -> D:\KPU2017NGP_ver4.1 재시작(1번),시작딜레이\NGPServer\x64\Debug\NGPServer.exe
