  Object.cpp
  Player.cpp
d:\kpu2017ngp_ver4.33\ngpserver\player.cpp(14): warning C4244: '=': 'float'에서 'int'(으)로 변환하면서 데이터가 손실될 수 있습니다.
  ServerMain.cpp
d:\kpu2017ngp_ver4.33\ngpserver\servermain.cpp(265): warning C4244: '=': 'int'에서 'float'(으)로 변환하면서 데이터가 손실될 수 있습니다.
d:\kpu2017ngp_ver4.33\ngpserver\servermain.cpp(266): warning C4244: '=': 'int'에서 'float'(으)로 변환하면서 데이터가 손실될 수 있습니다.
d:\kpu2017ngp_ver4.33\ngpserver\servermain.cpp(269): warning C4244: '=': 'int'에서 'float'(으)로 변환하면서 데이터가 손실될 수 있습니다.
d:\kpu2017ngp_ver4.33\ngpserver\servermain.cpp(270): warning C4244: '=': 'int'에서 'float'(으)로 변환하면서 데이터가 손실될 수 있습니다.
d:\kpu2017ngp_ver4.33\ngpserver\servermain.cpp(273): warning C4244: '=': 'int'에서 'float'(으)로 변환하면서 데이터가 손실될 수 있습니다.
d:\kpu2017ngp_ver4.33\ngpserver\servermain.cpp(274): warning C4244: '=': 'int'에서 'float'(으)로 변환하면서 데이터가 손실될 수 있습니다.
d:\kpu2017ngp_ver4.33\ngpserver\servermain.cpp(277): warning C4244: '=': 'int'에서 'float'(으)로 변환하면서 데이터가 손실될 수 있습니다.
d:\kpu2017ngp_ver4.33\ngpserver\servermain.cpp(278): warning C4244: '=': 'int'에서 'float'(으)로 변환하면서 데이터가 손실될 수 있습니다.
d:\kpu2017ngp_ver4.33\ngpserver\servermain.cpp(281): warning C4244: '=': 'int'에서 'float'(으)로 변환하면서 데이터가 손실될 수 있습니다.
d:\kpu2017ngp_ver4.33\ngpserver\servermain.cpp(282): warning C4244: '=': 'int'에서 'float'(으)로 변환하면서 데이터가 손실될 수 있습니다.
d:\kpu2017ngp_ver4.33\ngpserver\servermain.cpp(285): warning C4244: '=': 'int'에서 'float'(으)로 변환하면서 데이터가 손실될 수 있습니다.
d:\kpu2017ngp_ver4.33\ngpserver\servermain.cpp(286): warning C4244: '=': 'int'에서 'float'(으)로 변환하면서 데이터가 손실될 수 있습니다.
d:\kpu2017ngp_ver4.33\ngpserver\servermain.cpp(288): warning C4244: '=': 'int'에서 'float'(으)로 변환하면서 데이터가 손실될 수 있습니다.
d:\kpu2017ngp_ver4.33\ngpserver\servermain.cpp(289): warning C4244: '=': 'int'에서 'float'(으)로 변환하면서 데이터가 손실될 수 있습니다.
d:\kpu2017ngp_ver4.33\ngpserver\servermain.cpp(292): warning C4244: '=': 'int'에서 'float'(으)로 변환하면서 데이터가 손실될 수 있습니다.
d:\kpu2017ngp_ver4.33\ngpserver\servermain.cpp(293): warning C4244: '=': 'int'에서 'float'(으)로 변환하면서 데이터가 손실될 수 있습니다.
d:\kpu2017ngp_ver4.33\ngpserver\servermain.cpp(372): warning C4244: '=': 'int'에서 'float'(으)로 변환하면서 데이터가 손실될 수 있습니다.
d:\kpu2017ngp_ver4.33\ngpserver\servermain.cpp(373): warning C4244: '=': 'int'에서 'float'(으)로 변환하면서 데이터가 손실될 수 있습니다.
d:\kpu2017ngp_ver4.33\ngpserver\servermain.cpp(376): warning C4244: '=': 'int'에서 'float'(으)로 변환하면서 데이터가 손실될 수 있습니다.
d:\kpu2017ngp_ver4.33\ngpserver\servermain.cpp(377): warning C4244: '=': 'int'에서 'float'(으)로 변환하면서 데이터가 손실될 수 있습니다.
d:\kpu2017ngp_ver4.33\ngpserver\servermain.cpp(380): warning C4244: '=': 'int'에서 'float'(으)로 변환하면서 데이터가 손실될 수 있습니다.
d:\kpu2017ngp_ver4.33\ngpserver\servermain.cpp(381): warning C4244: '=': 'int'에서 'float'(으)로 변환하면서 데이터가 손실될 수 있습니다.
d:\kpu2017ngp_ver4.33\ngpserver\servermain.cpp(384): warning C4244: '=': 'int'에서 'float'(으)로 변환하면서 데이터가 손실될 수 있습니다.
d:\kpu2017ngp_ver4.33\ngpserver\servermain.cpp(385): warning C4244: '=': 'int'에서 'float'(으)로 변환하면서 데이터가 손실될 수 있습니다.
d:\kpu2017ngp_ver4.33\ngpserver\servermain.cpp(388): warning C4244: '=': 'int'에서 'float'(으)로 변환하면서 데이터가 손실될 수 있습니다.
d:\kpu2017ngp_ver4.33\ngpserver\servermain.cpp(389): warning C4244: '=': 'int'에서 'float'(으)로 변환하면서 데이터가 손실될 수 있습니다.
d:\kpu2017ngp_ver4.33\ngpserver\servermain.cpp(392): warning C4244: '=': 'int'에서 'float'(으)로 변환하면서 데이터가 손실될 수 있습니다.
d:\kpu2017ngp_ver4.33\ngpserver\servermain.cpp(393): warning C4244: '=': 'int'에서 'float'(으)로 변환하면서 데이터가 손실될 수 있습니다.
d:\kpu2017ngp_ver4.33\ngpserver\servermain.cpp(395): warning C4244: '=': 'int'에서 'float'(으)로 변환하면서 데이터가 손실될 수 있습니다.
d:\kpu2017ngp_ver4.33\ngpserver\servermain.cpp(396): warning C4244: '=': 'int'에서 'float'(으)로 변환하면서 데이터가 손실될 수 있습니다.
d:\kpu2017ngp_ver4.33\ngpserver\servermain.cpp(399): warning C4244: '=': 'int'에서 'float'(으)로 변환하면서 데이터가 손실될 수 있습니다.
d:\kpu2017ngp_ver4.33\ngpserver\servermain.cpp(400): warning C4244: '=': 'int'에서 'float'(으)로 변환하면서 데이터가 손실될 수 있습니다.
d:\kpu2017ngp_ver4.33\ngpserver\servermain.cpp(525): warning C4996: 'inet_ntoa': Use inet_ntop() or InetNtop() instead or define _WINSOCK_DEPRECATED_NO_WARNINGS to disable deprecated API warnings
  c:\program files (x86)\windows kits\10\include\10.0.17763.0\um\winsock2.h(1849): note: 'inet_ntoa' 선언을 참조하십시오.
  코드를 생성하고 있습니다.
  All 27 functions were compiled because no usable IPDB/IOBJ from previous compilation was found.
  코드를 생성했습니다.
  NGPServer.vcxproj -> D:\KPU2017NGP_ver4.33\NGPServer\x64\Release\NGPServer.exe
